2025-11-26 18:09:34,979 - INFO - ================================================================================
2025-11-26 18:09:34,979 - INFO - Starting Historical Data Ingestion
2025-11-26 18:09:34,979 - INFO - ================================================================================
2025-11-26 18:09:34,979 - INFO - Fetching up to 10 instruments
2025-11-26 18:09:37,137 - INFO - Found 10 instruments to process
2025-11-26 18:09:37,210 - INFO - 
============================================================
2025-11-26 18:09:37,210 - INFO - Processing: 360ONE (3343617) - 1/10
2025-11-26 18:09:37,210 - INFO - ============================================================
2025-11-26 18:09:37,210 - INFO - 
360ONE - 1minute: 1 years (52 chunks)
2025-11-26 18:09:44,681 - WARNING - 

Ingestion interrupted by user
2025-11-26 18:09:57,819 - INFO - ================================================================================
2025-11-26 18:09:57,820 - INFO - Starting Historical Data Ingestion
2025-11-26 18:09:57,820 - INFO - ================================================================================
2025-11-26 18:09:57,820 - INFO - Fetching up to 10 instruments
2025-11-26 18:09:59,875 - INFO - Found 10 instruments to process
2025-11-26 18:09:59,936 - INFO - 
============================================================
2025-11-26 18:09:59,936 - INFO - Processing: 360ONE (3343617) - 1/10
2025-11-26 18:09:59,937 - INFO - ============================================================
2025-11-26 18:09:59,937 - INFO - 
360ONE - 1minute: 1 years (52 chunks)
2025-11-26 18:13:22,638 - INFO - 
360ONE - 3minute: 2 years (73 chunks)
2025-11-26 18:13:52,961 - WARNING - 

Ingestion interrupted by user
2025-11-26 18:14:43,595 - INFO - ================================================================================
2025-11-26 18:14:43,595 - INFO - Starting Historical Data Ingestion
2025-11-26 18:14:43,596 - INFO - ================================================================================
2025-11-26 18:14:43,596 - INFO - Fetching up to 500 instruments
2025-11-26 18:14:46,155 - INFO - Found 498 instruments to process
2025-11-26 18:14:46,163 - INFO - 
============================================================
2025-11-26 18:14:46,163 - INFO - Processing: 360ONE (3343617) - 1/498
2025-11-26 18:14:46,163 - INFO - ============================================================
2025-11-26 18:14:46,163 - INFO - 
360ONE - 1minute: 1 years (52 chunks)
2025-11-26 18:18:15,326 - INFO - 
360ONE - 3minute: 2 years (73 chunks)
2025-11-26 18:22:18,713 - INFO - 
360ONE - 5minute: 2 years (52 chunks)
2025-11-26 18:25:25,561 - INFO - 
360ONE - 15minute: 3 years (36 chunks)
2025-11-26 18:27:36,103 - INFO - 
360ONE - 30minute: 3 years (24 chunks)
2025-11-26 18:28:13,632 - WARNING - 

Ingestion interrupted by user
